<?xml version="1.0" encoding="UTF-8"?>
<!-- Generated by org.testng.reporters.JUnitXMLReporter -->
<testsuite ignored="0" hostname="DESKTOP-39N4K30" failures="1" tests="1" name="Test" time="0.042" errors="0" timestamp="2025-08-21T17:53:38 IST">
  <testcase classname="pac1.Lab14_Selenium" name="f" time="0.0">
    <failure type="java.lang.RuntimeException" message="java.io.FileNotFoundException: C:\Users\DELL\eclipse-workspace\wipro2025\Userdetails_L14.xlsx (The system cannot find the file specified)">
      <![CDATA[java.lang.RuntimeException: java.io.FileNotFoundException: C:\Users\DELL\eclipse-workspace\wipro2025\Userdetails_L14.xlsx (The system cannot find the file specified)
at java.base/java.util.ArrayList.forEach(ArrayList.java:1596)
Caused by: java.io.FileNotFoundException: C:\Users\DELL\eclipse-workspace\wipro2025\Userdetails_L14.xlsx (The system cannot find the file specified)
at java.base/java.io.FileInputStream.open0(Native Method)
at java.base/java.io.FileInputStream.open(FileInputStream.java:213)
at java.base/java.io.FileInputStream.<init>(FileInputStream.java:152)
at pac1.Lab14_Selenium.dp(Lab14_Selenium.java:85)
... 25 more
... Removed 30 stack frames]]>
    </failure>
  </testcase> <!-- f -->
</testsuite> <!-- Test -->
