<?xml version="1.0" encoding="UTF-8"?>
<!-- Generated by org.testng.reporters.JUnitXMLReporter -->
<testsuite ignored="0" hostname="DESKTOP-39N4K30" failures="0" tests="4" name="Test" time="31.942" errors="0" timestamp="2025-08-19T18:59:23 IST">
  <testcase classname="pac1.Lab8_4" name="f" time="3.038"/>
  <testcase classname="pac1.Lab8_4" name="f" time="2.971"/>
  <testcase classname="pac1.Lab8_3" name="f" time="4.211"/>
  <testcase classname="pac1.Lab8_3" name="f" time="4.319"/>
</testsuite> <!-- Test -->
