<?xml version="1.0" encoding="UTF-8"?>
<!-- Generated by org.testng.reporters.JUnitXMLReporter -->
<testsuite ignored="0" hostname="DESKTOP-39N4K30" failures="0" tests="1" name="Lab14_Selenium" time="0.084" errors="0" timestamp="2025-08-22T12:31:33 IST">
  <testcase classname="pac1.Lab14_properties" name="@BeforeMethod setup" time="0.012">
    <failure type="java.io.FileNotFoundException" message="C:\Users\DELL\eclipse-workspace\wipro2025\Lab14_details.properties (The system cannot find the file specified)">
      <![CDATA[java.io.FileNotFoundException: C:\Users\DELL\eclipse-workspace\wipro2025\Lab14_details.properties (The system cannot find the file specified)
at java.base/java.io.FileInputStream.open0(Native Method)
at java.base/java.io.FileInputStream.open(FileInputStream.java:213)
at java.base/java.io.FileInputStream.<init>(FileInputStream.java:152)
at java.base/java.io.FileInputStream.<init>(FileInputStream.java:106)
at pac1.Lab14_properties.setup(Lab14_properties.java:26)
at java.base/java.util.ArrayList.forEach(ArrayList.java:1596)
... Removed 29 stack frames]]>
    </failure>
  </testcase> <!-- @BeforeMethod setup -->
  <testcase classname="pac1.Lab14_properties" name="@AfterMethod teardown" time="0.0">
    <skipped/>
  </testcase> <!-- @AfterMethod teardown -->
  <testcase classname="pac1.Lab14_properties" name="loginTest" time="0.0">
    <skipped/>
  </testcase> <!-- loginTest -->
</testsuite> <!-- Lab14_Selenium -->
