<?xml version="1.0" encoding="UTF-8"?>
<testng-results ignored="0" total="4" passed="4" failed="0" skipped="0">
  <reporter-output>
  </reporter-output>
  <suite started-at="2025-08-19T18:58:51 IST" name="Suite" finished-at="2025-08-19T18:59:23 IST" duration-ms="31942">
    <groups>
    </groups>
    <test started-at="2025-08-19T18:58:51 IST" name="Test" finished-at="2025-08-19T18:59:23 IST" duration-ms="31942">
      <class name="pac1.Lab8_4">
        <test-method is-config="true" signature="beforeSuite()[pri:0, instance:pac1.Lab8_4@1ff4931d]" started-at="2025-08-19T18:58:51 IST" name="beforeSuite" finished-at="2025-08-19T18:58:51 IST" duration-ms="2" status="PASS">
          <reporter-output>
          </reporter-output>
        </test-method> <!-- beforeSuite -->
        <test-method is-config="true" signature="beforeTest()[pri:0, instance:pac1.Lab8_4@1ff4931d]" started-at="2025-08-19T18:58:51 IST" name="beforeTest" finished-at="2025-08-19T18:58:51 IST" duration-ms="0" status="PASS">
          <reporter-output>
          </reporter-output>
        </test-method> <!-- beforeTest -->
        <test-method is-config="true" signature="beforeClass()[pri:0, instance:pac1.Lab8_4@1ff4931d]" started-at="2025-08-19T18:58:51 IST" name="beforeClass" finished-at="2025-08-19T18:58:51 IST" duration-ms="1" status="PASS">
          <reporter-output>
          </reporter-output>
        </test-method> <!-- beforeClass -->
        <test-method is-config="true" signature="beforeMethod()[pri:0, instance:pac1.Lab8_4@1ff4931d]" started-at="2025-08-19T18:58:51 IST" name="beforeMethod" finished-at="2025-08-19T18:58:55 IST" duration-ms="3584" status="PASS">
          <reporter-output>
          </reporter-output>
        </test-method> <!-- beforeMethod -->
        <test-method signature="f(java.lang.String,java.lang.String)[pri:0, instance:pac1.Lab8_4@1ff4931d]" started-at="2025-08-19T18:58:55 IST" name="f" data-provider="dp" finished-at="2025-08-19T18:58:58 IST" duration-ms="3038" status="PASS">
          <params>
            <param index="0">
              <value>
                <![CDATA[1]]>
              </value>
            </param>
            <param index="1">
              <value>
                <![CDATA[a]]>
              </value>
            </param>
          </params>
          <reporter-output>
          </reporter-output>
        </test-method> <!-- f -->
        <test-method is-config="true" signature="afterMethod()[pri:0, instance:pac1.Lab8_4@1ff4931d]" started-at="2025-08-19T18:58:58 IST" name="afterMethod" finished-at="2025-08-19T18:58:58 IST" duration-ms="1" status="PASS">
          <reporter-output>
          </reporter-output>
        </test-method> <!-- afterMethod -->
        <test-method is-config="true" signature="beforeMethod()[pri:0, instance:pac1.Lab8_4@1ff4931d]" started-at="2025-08-19T18:58:58 IST" name="beforeMethod" finished-at="2025-08-19T18:59:00 IST" duration-ms="1798" status="PASS">
          <reporter-output>
          </reporter-output>
        </test-method> <!-- beforeMethod -->
        <test-method signature="f(java.lang.String,java.lang.String)[pri:0, instance:pac1.Lab8_4@1ff4931d]" started-at="2025-08-19T18:59:00 IST" name="f" data-provider="dp" finished-at="2025-08-19T18:59:03 IST" duration-ms="2971" status="PASS">
          <params>
            <param index="0">
              <value>
                <![CDATA[2]]>
              </value>
            </param>
            <param index="1">
              <value>
                <![CDATA[b]]>
              </value>
            </param>
          </params>
          <reporter-output>
          </reporter-output>
        </test-method> <!-- f -->
        <test-method is-config="true" signature="afterMethod()[pri:0, instance:pac1.Lab8_4@1ff4931d]" started-at="2025-08-19T18:59:03 IST" name="afterMethod" finished-at="2025-08-19T18:59:03 IST" duration-ms="0" status="PASS">
          <reporter-output>
          </reporter-output>
        </test-method> <!-- afterMethod -->
        <test-method is-config="true" signature="afterClass()[pri:0, instance:pac1.Lab8_4@1ff4931d]" started-at="2025-08-19T18:59:03 IST" name="afterClass" finished-at="2025-08-19T18:59:03 IST" duration-ms="2" status="PASS">
          <reporter-output>
          </reporter-output>
        </test-method> <!-- afterClass -->
        <test-method is-config="true" signature="afterTest()[pri:0, instance:pac1.Lab8_4@1ff4931d]" started-at="2025-08-19T18:59:23 IST" name="afterTest" finished-at="2025-08-19T18:59:23 IST" duration-ms="1" status="PASS">
          <reporter-output>
          </reporter-output>
        </test-method> <!-- afterTest -->
        <test-method is-config="true" signature="afterSuite()[pri:0, instance:pac1.Lab8_4@1ff4931d]" started-at="2025-08-19T18:59:23 IST" name="afterSuite" finished-at="2025-08-19T18:59:23 IST" duration-ms="0" status="PASS">
          <reporter-output>
          </reporter-output>
        </test-method> <!-- afterSuite -->
      </class> <!-- pac1.Lab8_4 -->
      <class name="pac1.Lab8_3">
        <test-method is-config="true" signature="beforeSuite()[pri:0, instance:pac1.Lab8_3@8297b3a]" started-at="2025-08-19T18:58:51 IST" name="beforeSuite" finished-at="2025-08-19T18:58:51 IST" duration-ms="18" status="PASS">
          <reporter-output>
          </reporter-output>
        </test-method> <!-- beforeSuite -->
        <test-method is-config="true" signature="beforeTest()[pri:0, instance:pac1.Lab8_3@8297b3a]" started-at="2025-08-19T18:58:51 IST" name="beforeTest" finished-at="2025-08-19T18:58:51 IST" duration-ms="0" status="PASS">
          <reporter-output>
          </reporter-output>
        </test-method> <!-- beforeTest -->
        <test-method is-config="true" signature="beforeClass()[pri:0, instance:pac1.Lab8_3@8297b3a]" started-at="2025-08-19T18:59:03 IST" name="beforeClass" finished-at="2025-08-19T18:59:03 IST" duration-ms="0" status="PASS">
          <reporter-output>
          </reporter-output>
        </test-method> <!-- beforeClass -->
        <test-method is-config="true" signature="beforeMethod()[pri:0, instance:pac1.Lab8_3@8297b3a]" started-at="2025-08-19T18:59:03 IST" name="beforeMethod" finished-at="2025-08-19T18:59:06 IST" duration-ms="3697" status="PASS">
          <reporter-output>
          </reporter-output>
        </test-method> <!-- beforeMethod -->
        <test-method signature="f(java.lang.String)[pri:0, instance:pac1.Lab8_3@8297b3a]" started-at="2025-08-19T18:59:06 IST" name="f" data-provider="dp" finished-at="2025-08-19T18:59:11 IST" duration-ms="4211" status="PASS">
          <params>
            <param index="0">
              <value>
                <![CDATA[Mobile]]>
              </value>
            </param>
          </params>
          <reporter-output>
          </reporter-output>
        </test-method> <!-- f -->
        <test-method is-config="true" signature="afterMethod()[pri:0, instance:pac1.Lab8_3@8297b3a]" started-at="2025-08-19T18:59:11 IST" name="afterMethod" finished-at="2025-08-19T18:59:13 IST" duration-ms="2139" status="PASS">
          <reporter-output>
          </reporter-output>
        </test-method> <!-- afterMethod -->
        <test-method is-config="true" signature="beforeMethod()[pri:0, instance:pac1.Lab8_3@8297b3a]" started-at="2025-08-19T18:59:13 IST" name="beforeMethod" finished-at="2025-08-19T18:59:19 IST" duration-ms="5833" status="PASS">
          <reporter-output>
          </reporter-output>
        </test-method> <!-- beforeMethod -->
        <test-method signature="f(java.lang.String)[pri:0, instance:pac1.Lab8_3@8297b3a]" started-at="2025-08-19T18:59:19 IST" name="f" data-provider="dp" finished-at="2025-08-19T18:59:23 IST" duration-ms="4319" status="PASS">
          <params>
            <param index="0">
              <value>
                <![CDATA[Monitors]]>
              </value>
            </param>
          </params>
          <reporter-output>
          </reporter-output>
        </test-method> <!-- f -->
        <test-method is-config="true" signature="afterMethod()[pri:0, instance:pac1.Lab8_3@8297b3a]" started-at="2025-08-19T18:59:23 IST" name="afterMethod" finished-at="2025-08-19T18:59:23 IST" duration-ms="270" status="PASS">
          <reporter-output>
          </reporter-output>
        </test-method> <!-- afterMethod -->
        <test-method is-config="true" signature="afterClass()[pri:0, instance:pac1.Lab8_3@8297b3a]" started-at="2025-08-19T18:59:23 IST" name="afterClass" finished-at="2025-08-19T18:59:23 IST" duration-ms="1" status="PASS">
          <reporter-output>
          </reporter-output>
        </test-method> <!-- afterClass -->
        <test-method is-config="true" signature="afterTest()[pri:0, instance:pac1.Lab8_3@8297b3a]" started-at="2025-08-19T18:59:23 IST" name="afterTest" finished-at="2025-08-19T18:59:23 IST" duration-ms="0" status="PASS">
          <reporter-output>
          </reporter-output>
        </test-method> <!-- afterTest -->
        <test-method is-config="true" signature="afterSuite()[pri:0, instance:pac1.Lab8_3@8297b3a]" started-at="2025-08-19T18:59:23 IST" name="afterSuite" finished-at="2025-08-19T18:59:23 IST" duration-ms="0" status="PASS">
          <reporter-output>
          </reporter-output>
        </test-method> <!-- afterSuite -->
      </class> <!-- pac1.Lab8_3 -->
    </test> <!-- Test -->
  </suite> <!-- Suite -->
</testng-results>
