<?xml version="1.0" encoding="UTF-8"?>
<testng-results ignored="0" total="1" passed="1" failed="0" skipped="0">
  <reporter-output>
  </reporter-output>
  <suite started-at="2025-08-26T15:10:04 IST" name="Default suite" finished-at="2025-08-26T15:10:14 IST" duration-ms="9787">
    <groups>
    </groups>
    <test started-at="2025-08-26T15:10:04 IST" name="Default test" finished-at="2025-08-26T15:10:14 IST" duration-ms="9787">
      <class name="Question.Q2">
        <test-method is-config="true" signature="setup()[pri:0, instance:Question.Q2@c0c2f8d]" started-at="2025-08-26T15:10:04 IST" name="setup" finished-at="2025-08-26T15:10:07 IST" duration-ms="2597" status="PASS">
          <reporter-output>
          </reporter-output>
        </test-method> <!-- setup -->
        <test-method signature="loginTest()[pri:0, instance:Question.Q2@c0c2f8d]" started-at="2025-08-26T15:10:07 IST" name="loginTest" finished-at="2025-08-26T15:10:14 IST" duration-ms="6835" status="PASS">
          <reporter-output>
          </reporter-output>
        </test-method> <!-- loginTest -->
        <test-method is-config="true" signature="tearDown()[pri:0, instance:Question.Q2@c0c2f8d]" started-at="2025-08-26T15:10:14 IST" name="tearDown" finished-at="2025-08-26T15:10:14 IST" duration-ms="284" status="PASS">
          <reporter-output>
          </reporter-output>
        </test-method> <!-- tearDown -->
      </class> <!-- Question.Q2 -->
    </test> <!-- Default test -->
  </suite> <!-- Default suite -->
</testng-results>
